<?xml version="1.0" encoding="UTF-8"?>
<!-- Generated by org.testng.reporters.JUnitReportReporter -->
<testsuite skipped="0" hostname="Kasturi-PC" name="crossBrowser.Colour" tests="1" failures="0" timestamp="08 Mar 2018 07:13:37 GMT" time="2.565" errors="0">
  <testcase name="Login" time="2.565" classname="crossBrowser.Colour"/>
</testsuite> <!-- crossBrowser.Colour -->
